{"name":"hexo","hostname":"zhangqianrongdeiMac.local","pid":6402,"level":20,"msg":"Hexo version: \u001b[35m3.1.1\u001b[39m","time":"2016-04-05T02:25:40.988Z","v":0}
{"name":"hexo","hostname":"zhangqianrongdeiMac.local","pid":6402,"level":20,"msg":"Working directory: \u001b[35m~/Developer/hexoblog/\u001b[39m","time":"2016-04-05T02:25:40.993Z","v":0}
{"name":"hexo","hostname":"zhangqianrongdeiMac.local","pid":6402,"level":20,"msg":"Config loaded: \u001b[35m~/Developer/hexoblog/_config.yml\u001b[39m","time":"2016-04-05T02:25:41.089Z","v":0}
{"name":"hexo","hostname":"zhangqianrongdeiMac.local","pid":6402,"level":20,"msg":"Plugin loaded: \u001b[35mhexo-deployer-git\u001b[39m","time":"2016-04-05T02:25:41.158Z","v":0}
{"name":"hexo","hostname":"zhangqianrongdeiMac.local","pid":6402,"level":20,"msg":"Plugin loaded: \u001b[35mhexo-deployer-heroku\u001b[39m","time":"2016-04-05T02:25:41.232Z","v":0}
{"name":"hexo","hostname":"zhangqianrongdeiMac.local","pid":6402,"level":20,"msg":"Plugin loaded: \u001b[35mhexo-deployer-openshift\u001b[39m","time":"2016-04-05T02:25:41.286Z","v":0}
{"name":"hexo","hostname":"zhangqianrongdeiMac.local","pid":6402,"level":20,"msg":"Plugin loaded: \u001b[35mhexo-deployer-rsync\u001b[39m","time":"2016-04-05T02:25:41.287Z","v":0}
{"name":"hexo","hostname":"zhangqianrongdeiMac.local","pid":6402,"level":20,"msg":"Plugin loaded: \u001b[35mhexo-generator-archive\u001b[39m","time":"2016-04-05T02:25:41.289Z","v":0}
{"name":"hexo","hostname":"zhangqianrongdeiMac.local","pid":6402,"level":20,"msg":"Plugin loaded: \u001b[35mhexo-generator-baidu-sitemap\u001b[39m","time":"2016-04-05T02:25:41.292Z","v":0}
{"name":"hexo","hostname":"zhangqianrongdeiMac.local","pid":6402,"level":20,"msg":"Plugin loaded: \u001b[35mhexo-generator-category\u001b[39m","time":"2016-04-05T02:25:41.294Z","v":0}
{"name":"hexo","hostname":"zhangqianrongdeiMac.local","pid":6402,"level":20,"msg":"Plugin loaded: \u001b[35mhexo-generator-feed\u001b[39m","time":"2016-04-05T02:25:41.296Z","v":0}
{"name":"hexo","hostname":"zhangqianrongdeiMac.local","pid":6402,"level":20,"msg":"Plugin loaded: \u001b[35mhexo-generator-index\u001b[39m","time":"2016-04-05T02:25:41.297Z","v":0}
{"name":"hexo","hostname":"zhangqianrongdeiMac.local","pid":6402,"level":20,"msg":"Plugin loaded: \u001b[35mhexo-generator-sitemap\u001b[39m","time":"2016-04-05T02:25:41.299Z","v":0}
{"name":"hexo","hostname":"zhangqianrongdeiMac.local","pid":6402,"level":20,"msg":"Plugin loaded: \u001b[35mhexo-generator-tag\u001b[39m","time":"2016-04-05T02:25:41.300Z","v":0}
{"name":"hexo","hostname":"zhangqianrongdeiMac.local","pid":6402,"level":20,"msg":"Plugin loaded: \u001b[35mhexo-renderer-ejs\u001b[39m","time":"2016-04-05T02:25:41.301Z","v":0}
{"name":"hexo","hostname":"zhangqianrongdeiMac.local","pid":6402,"level":20,"msg":"Plugin loaded: \u001b[35mhexo-renderer-marked\u001b[39m","time":"2016-04-05T02:25:41.349Z","v":0}
{"name":"hexo","hostname":"zhangqianrongdeiMac.local","pid":6402,"level":20,"msg":"Plugin loaded: \u001b[35mhexo-renderer-stylus\u001b[39m","time":"2016-04-05T02:25:41.457Z","v":0}
{"name":"hexo","hostname":"zhangqianrongdeiMac.local","pid":6402,"level":20,"msg":"Plugin loaded: \u001b[35mhexo-server\u001b[39m","time":"2016-04-05T02:25:41.528Z","v":0}
{"name":"hexo","hostname":"zhangqianrongdeiMac.local","pid":6402,"level":20,"msg":"Loading database.","time":"2016-04-05T02:25:41.539Z","v":0}
{"name":"hexo","hostname":"zhangqianrongdeiMac.local","pid":6402,"level":20,"msg":"Added: \u001b[35msource/photo/debug.log\u001b[39m","time":"2016-04-05T02:25:41.616Z","v":0}
{"name":"hexo","hostname":"zhangqianrongdeiMac.local","pid":6402,"level":20,"msg":"Unchanged: \u001b[35msource/404.html\u001b[39m","time":"2016-04-05T02:25:41.618Z","v":0}
{"name":"hexo","hostname":"zhangqianrongdeiMac.local","pid":6402,"level":20,"msg":"Unchanged: \u001b[35msource/_posts/2016-3-30阅读记录.md\u001b[39m","time":"2016-04-05T02:25:41.618Z","v":0}
{"name":"hexo","hostname":"zhangqianrongdeiMac.local","pid":6402,"level":20,"msg":"Unchanged: \u001b[35msource/_posts/2016-3-31阅读记录.md\u001b[39m","time":"2016-04-05T02:25:41.618Z","v":0}
{"name":"hexo","hostname":"zhangqianrongdeiMac.local","pid":6402,"level":20,"msg":"Unchanged: \u001b[35msource/_posts/2016-4-1阅读记录.md\u001b[39m","time":"2016-04-05T02:25:41.618Z","v":0}
{"name":"hexo","hostname":"zhangqianrongdeiMac.local","pid":6402,"level":20,"msg":"Unchanged: \u001b[35msource/_posts/Mac-os下hexo-github搭建个人空间.md\u001b[39m","time":"2016-04-05T02:25:41.618Z","v":0}
{"name":"hexo","hostname":"zhangqianrongdeiMac.local","pid":6402,"level":20,"msg":"Unchanged: \u001b[35msource/_posts/始于Hexo+Github.md\u001b[39m","time":"2016-04-05T02:25:41.618Z","v":0}
{"name":"hexo","hostname":"zhangqianrongdeiMac.local","pid":6402,"level":20,"msg":"Unchanged: \u001b[35msource/_posts/工作一年总结.md\u001b[39m","time":"2016-04-05T02:25:41.619Z","v":0}
{"name":"hexo","hostname":"zhangqianrongdeiMac.local","pid":6402,"level":20,"msg":"Unchanged: \u001b[35msource/about/index.md\u001b[39m","time":"2016-04-05T02:25:41.619Z","v":0}
{"name":"hexo","hostname":"zhangqianrongdeiMac.local","pid":6402,"level":20,"msg":"Unchanged: \u001b[35msource/categories/index.md\u001b[39m","time":"2016-04-05T02:25:41.619Z","v":0}
{"name":"hexo","hostname":"zhangqianrongdeiMac.local","pid":6402,"level":20,"msg":"Unchanged: \u001b[35msource/instagram/index.md\u001b[39m","time":"2016-04-05T02:25:41.619Z","v":0}
{"name":"hexo","hostname":"zhangqianrongdeiMac.local","pid":6402,"level":20,"msg":"Unchanged: \u001b[35msource/photo/index.md\u001b[39m","time":"2016-04-05T02:25:41.620Z","v":0}
{"name":"hexo","hostname":"zhangqianrongdeiMac.local","pid":6402,"level":20,"msg":"Unchanged: \u001b[35msource/photo/output.json\u001b[39m","time":"2016-04-05T02:25:41.620Z","v":0}
{"name":"hexo","hostname":"zhangqianrongdeiMac.local","pid":6402,"level":20,"msg":"Unchanged: \u001b[35msource/photo/tool.js\u001b[39m","time":"2016-04-05T02:25:41.620Z","v":0}
{"name":"hexo","hostname":"zhangqianrongdeiMac.local","pid":6402,"level":20,"msg":"Unchanged: \u001b[35msource/tags/index.md\u001b[39m","time":"2016-04-05T02:25:41.620Z","v":0}
{"name":"hexo","hostname":"zhangqianrongdeiMac.local","pid":6402,"level":20,"msg":"Unchanged: \u001b[35msource/uploads/avatar.jpg\u001b[39m","time":"2016-04-05T02:25:41.621Z","v":0}
{"name":"hexo","hostname":"zhangqianrongdeiMac.local","pid":6402,"level":20,"msg":"Processed: \u001b[35mphoto/debug.log\u001b[39m","time":"2016-04-05T02:25:41.631Z","v":0}
{"name":"hexo","hostname":"zhangqianrongdeiMac.local","pid":6402,"level":20,"msg":"Processed: \u001b[35muploads/avatar.jpg\u001b[39m","time":"2016-04-05T02:25:41.633Z","v":0}
{"name":"hexo","hostname":"zhangqianrongdeiMac.local","pid":6402,"level":20,"msg":"Processed: \u001b[35mtags/index.md\u001b[39m","time":"2016-04-05T02:25:41.635Z","v":0}
{"name":"hexo","hostname":"zhangqianrongdeiMac.local","pid":6402,"level":20,"msg":"Processed: \u001b[35mphoto/tool.js\u001b[39m","time":"2016-04-05T02:25:41.636Z","v":0}
{"name":"hexo","hostname":"zhangqianrongdeiMac.local","pid":6402,"level":20,"msg":"Processed: \u001b[35mphoto/output.json\u001b[39m","time":"2016-04-05T02:25:41.637Z","v":0}
{"name":"hexo","hostname":"zhangqianrongdeiMac.local","pid":6402,"level":20,"msg":"Processed: \u001b[35mphoto/index.md\u001b[39m","time":"2016-04-05T02:25:41.637Z","v":0}
{"name":"hexo","hostname":"zhangqianrongdeiMac.local","pid":6402,"level":20,"msg":"Processed: \u001b[35minstagram/index.md\u001b[39m","time":"2016-04-05T02:25:41.638Z","v":0}
{"name":"hexo","hostname":"zhangqianrongdeiMac.local","pid":6402,"level":20,"msg":"Processed: \u001b[35mcategories/index.md\u001b[39m","time":"2016-04-05T02:25:41.639Z","v":0}
{"name":"hexo","hostname":"zhangqianrongdeiMac.local","pid":6402,"level":20,"msg":"Processed: \u001b[35mabout/index.md\u001b[39m","time":"2016-04-05T02:25:41.640Z","v":0}
{"name":"hexo","hostname":"zhangqianrongdeiMac.local","pid":6402,"level":20,"msg":"Processed: \u001b[35m_posts/工作一年总结.md\u001b[39m","time":"2016-04-05T02:25:41.641Z","v":0}
{"name":"hexo","hostname":"zhangqianrongdeiMac.local","pid":6402,"level":20,"msg":"Processed: \u001b[35m_posts/始于Hexo+Github.md\u001b[39m","time":"2016-04-05T02:25:41.649Z","v":0}
{"name":"hexo","hostname":"zhangqianrongdeiMac.local","pid":6402,"level":20,"msg":"Processed: \u001b[35m_posts/Mac-os下hexo-github搭建个人空间.md\u001b[39m","time":"2016-04-05T02:25:41.649Z","v":0}
{"name":"hexo","hostname":"zhangqianrongdeiMac.local","pid":6402,"level":20,"msg":"Processed: \u001b[35m_posts/2016-4-1阅读记录.md\u001b[39m","time":"2016-04-05T02:25:41.650Z","v":0}
{"name":"hexo","hostname":"zhangqianrongdeiMac.local","pid":6402,"level":20,"msg":"Processed: \u001b[35m_posts/2016-3-31阅读记录.md\u001b[39m","time":"2016-04-05T02:25:41.651Z","v":0}
{"name":"hexo","hostname":"zhangqianrongdeiMac.local","pid":6402,"level":20,"msg":"Processed: \u001b[35m_posts/2016-3-30阅读记录.md\u001b[39m","time":"2016-04-05T02:25:41.652Z","v":0}
{"name":"hexo","hostname":"zhangqianrongdeiMac.local","pid":6402,"level":20,"msg":"Processed: \u001b[35m404.html\u001b[39m","time":"2016-04-05T02:25:41.653Z","v":0}
{"name":"hexo","hostname":"zhangqianrongdeiMac.local","pid":6402,"level":20,"msg":"Unchanged: \u001b[35mthemes/yelee/README.md\u001b[39m","time":"2016-04-05T02:25:41.721Z","v":0}
{"name":"hexo","hostname":"zhangqianrongdeiMac.local","pid":6402,"level":20,"msg":"Unchanged: \u001b[35mthemes/yelee/_config.yml\u001b[39m","time":"2016-04-05T02:25:41.721Z","v":0}
{"name":"hexo","hostname":"zhangqianrongdeiMac.local","pid":6402,"level":20,"msg":"Unchanged: \u001b[35mthemes/yelee/languages/default.yml\u001b[39m","time":"2016-04-05T02:25:41.722Z","v":0}
{"name":"hexo","hostname":"zhangqianrongdeiMac.local","pid":6402,"level":20,"msg":"Unchanged: \u001b[35mthemes/yelee/languages/en.yml\u001b[39m","time":"2016-04-05T02:25:41.722Z","v":0}
{"name":"hexo","hostname":"zhangqianrongdeiMac.local","pid":6402,"level":20,"msg":"Unchanged: \u001b[35mthemes/yelee/languages/zh-Hans.yml\u001b[39m","time":"2016-04-05T02:25:41.722Z","v":0}
{"name":"hexo","hostname":"zhangqianrongdeiMac.local","pid":6402,"level":20,"msg":"Unchanged: \u001b[35mthemes/yelee/languages/zh-Hant-HK.yml\u001b[39m","time":"2016-04-05T02:25:41.722Z","v":0}
{"name":"hexo","hostname":"zhangqianrongdeiMac.local","pid":6402,"level":20,"msg":"Unchanged: \u001b[35mthemes/yelee/languages/zh-Hant-TW.yml\u001b[39m","time":"2016-04-05T02:25:41.722Z","v":0}
{"name":"hexo","hostname":"zhangqianrongdeiMac.local","pid":6402,"level":20,"msg":"Unchanged: \u001b[35mthemes/yelee/layout/_partial/after-footer.ejs\u001b[39m","time":"2016-04-05T02:25:41.723Z","v":0}
{"name":"hexo","hostname":"zhangqianrongdeiMac.local","pid":6402,"level":20,"msg":"Unchanged: \u001b[35mthemes/yelee/layout/_partial/archive-post.ejs\u001b[39m","time":"2016-04-05T02:25:41.723Z","v":0}
{"name":"hexo","hostname":"zhangqianrongdeiMac.local","pid":6402,"level":20,"msg":"Unchanged: \u001b[35mthemes/yelee/layout/_partial/archive.ejs\u001b[39m","time":"2016-04-05T02:25:41.723Z","v":0}
{"name":"hexo","hostname":"zhangqianrongdeiMac.local","pid":6402,"level":20,"msg":"Unchanged: \u001b[35mthemes/yelee/layout/_partial/article.ejs\u001b[39m","time":"2016-04-05T02:25:41.723Z","v":0}
{"name":"hexo","hostname":"zhangqianrongdeiMac.local","pid":6402,"level":20,"msg":"Unchanged: \u001b[35mthemes/yelee/layout/_partial/background.ejs\u001b[39m","time":"2016-04-05T02:25:41.723Z","v":0}
{"name":"hexo","hostname":"zhangqianrongdeiMac.local","pid":6402,"level":20,"msg":"Unchanged: \u001b[35mthemes/yelee/layout/_partial/comments/disqus.ejs\u001b[39m","time":"2016-04-05T02:25:41.723Z","v":0}
{"name":"hexo","hostname":"zhangqianrongdeiMac.local","pid":6402,"level":20,"msg":"Unchanged: \u001b[35mthemes/yelee/layout/_partial/comments/duoshuo.ejs\u001b[39m","time":"2016-04-05T02:25:41.723Z","v":0}
{"name":"hexo","hostname":"zhangqianrongdeiMac.local","pid":6402,"level":20,"msg":"Unchanged: \u001b[35mthemes/yelee/layout/_partial/comments/youyan.ejs\u001b[39m","time":"2016-04-05T02:25:41.723Z","v":0}
{"name":"hexo","hostname":"zhangqianrongdeiMac.local","pid":6402,"level":20,"msg":"Unchanged: \u001b[35mthemes/yelee/layout/_partial/comments/duoshuo副本.ejs\u001b[39m","time":"2016-04-05T02:25:41.723Z","v":0}
{"name":"hexo","hostname":"zhangqianrongdeiMac.local","pid":6402,"level":20,"msg":"Unchanged: \u001b[35mthemes/yelee/layout/_partial/footer.ejs\u001b[39m","time":"2016-04-05T02:25:41.724Z","v":0}
{"name":"hexo","hostname":"zhangqianrongdeiMac.local","pid":6402,"level":20,"msg":"Unchanged: \u001b[35mthemes/yelee/layout/_partial/google-analytics.ejs\u001b[39m","time":"2016-04-05T02:25:41.724Z","v":0}
{"name":"hexo","hostname":"zhangqianrongdeiMac.local","pid":6402,"level":20,"msg":"Unchanged: \u001b[35mthemes/yelee/layout/_partial/header.ejs\u001b[39m","time":"2016-04-05T02:25:41.724Z","v":0}
{"name":"hexo","hostname":"zhangqianrongdeiMac.local","pid":6402,"level":20,"msg":"Unchanged: \u001b[35mthemes/yelee/layout/_partial/head.ejs\u001b[39m","time":"2016-04-05T02:25:41.724Z","v":0}
{"name":"hexo","hostname":"zhangqianrongdeiMac.local","pid":6402,"level":20,"msg":"Unchanged: \u001b[35mthemes/yelee/layout/_partial/left-col.ejs\u001b[39m","time":"2016-04-05T02:25:41.724Z","v":0}
{"name":"hexo","hostname":"zhangqianrongdeiMac.local","pid":6402,"level":20,"msg":"Unchanged: \u001b[35mthemes/yelee/layout/_partial/mathjax.ejs\u001b[39m","time":"2016-04-05T02:25:41.724Z","v":0}
{"name":"hexo","hostname":"zhangqianrongdeiMac.local","pid":6402,"level":20,"msg":"Unchanged: \u001b[35mthemes/yelee/layout/_partial/mobile-nav.ejs\u001b[39m","time":"2016-04-05T02:25:41.724Z","v":0}
{"name":"hexo","hostname":"zhangqianrongdeiMac.local","pid":6402,"level":20,"msg":"Unchanged: \u001b[35mthemes/yelee/layout/_partial/page.ejs\u001b[39m","time":"2016-04-05T02:25:41.724Z","v":0}
{"name":"hexo","hostname":"zhangqianrongdeiMac.local","pid":6402,"level":20,"msg":"Unchanged: \u001b[35mthemes/yelee/layout/_partial/post/category.ejs\u001b[39m","time":"2016-04-05T02:25:41.725Z","v":0}
{"name":"hexo","hostname":"zhangqianrongdeiMac.local","pid":6402,"level":20,"msg":"Unchanged: \u001b[35mthemes/yelee/layout/_partial/post/date.ejs\u001b[39m","time":"2016-04-05T02:25:41.726Z","v":0}
{"name":"hexo","hostname":"zhangqianrongdeiMac.local","pid":6402,"level":20,"msg":"Unchanged: \u001b[35mthemes/yelee/layout/_partial/post/nav.ejs\u001b[39m","time":"2016-04-05T02:25:41.726Z","v":0}
{"name":"hexo","hostname":"zhangqianrongdeiMac.local","pid":6402,"level":20,"msg":"Unchanged: \u001b[35mthemes/yelee/layout/_partial/post/share.ejs\u001b[39m","time":"2016-04-05T02:25:41.726Z","v":0}
{"name":"hexo","hostname":"zhangqianrongdeiMac.local","pid":6402,"level":20,"msg":"Unchanged: \u001b[35mthemes/yelee/layout/_partial/post/tag.ejs\u001b[39m","time":"2016-04-05T02:25:41.726Z","v":0}
{"name":"hexo","hostname":"zhangqianrongdeiMac.local","pid":6402,"level":20,"msg":"Unchanged: \u001b[35mthemes/yelee/layout/_partial/post/title.ejs\u001b[39m","time":"2016-04-05T02:25:41.726Z","v":0}
{"name":"hexo","hostname":"zhangqianrongdeiMac.local","pid":6402,"level":20,"msg":"Unchanged: \u001b[35mthemes/yelee/layout/_partial/post-nav-button.ejs\u001b[39m","time":"2016-04-05T02:25:41.726Z","v":0}
{"name":"hexo","hostname":"zhangqianrongdeiMac.local","pid":6402,"level":20,"msg":"Unchanged: \u001b[35mthemes/yelee/layout/_partial/scrolling-button.ejs\u001b[39m","time":"2016-04-05T02:25:41.727Z","v":0}
{"name":"hexo","hostname":"zhangqianrongdeiMac.local","pid":6402,"level":20,"msg":"Unchanged: \u001b[35mthemes/yelee/layout/_partial/toc.ejs\u001b[39m","time":"2016-04-05T02:25:41.727Z","v":0}
{"name":"hexo","hostname":"zhangqianrongdeiMac.local","pid":6402,"level":20,"msg":"Unchanged: \u001b[35mthemes/yelee/layout/archive.ejs\u001b[39m","time":"2016-04-05T02:25:41.727Z","v":0}
{"name":"hexo","hostname":"zhangqianrongdeiMac.local","pid":6402,"level":20,"msg":"Unchanged: \u001b[35mthemes/yelee/layout/category.ejs\u001b[39m","time":"2016-04-05T02:25:41.727Z","v":0}
{"name":"hexo","hostname":"zhangqianrongdeiMac.local","pid":6402,"level":20,"msg":"Unchanged: \u001b[35mthemes/yelee/layout/index.ejs\u001b[39m","time":"2016-04-05T02:25:41.727Z","v":0}
{"name":"hexo","hostname":"zhangqianrongdeiMac.local","pid":6402,"level":20,"msg":"Unchanged: \u001b[35mthemes/yelee/layout/layout.ejs\u001b[39m","time":"2016-04-05T02:25:41.727Z","v":0}
{"name":"hexo","hostname":"zhangqianrongdeiMac.local","pid":6402,"level":20,"msg":"Unchanged: \u001b[35mthemes/yelee/layout/page.ejs\u001b[39m","time":"2016-04-05T02:25:41.727Z","v":0}
{"name":"hexo","hostname":"zhangqianrongdeiMac.local","pid":6402,"level":20,"msg":"Unchanged: \u001b[35mthemes/yelee/layout/post.ejs\u001b[39m","time":"2016-04-05T02:25:41.727Z","v":0}
{"name":"hexo","hostname":"zhangqianrongdeiMac.local","pid":6402,"level":20,"msg":"Unchanged: \u001b[35mthemes/yelee/layout/tag.ejs\u001b[39m","time":"2016-04-05T02:25:41.728Z","v":0}
{"name":"hexo","hostname":"zhangqianrongdeiMac.local","pid":6402,"level":20,"msg":"Unchanged: \u001b[35mthemes/yelee/package.json\u001b[39m","time":"2016-04-05T02:25:41.728Z","v":0}
{"name":"hexo","hostname":"zhangqianrongdeiMac.local","pid":6402,"level":20,"msg":"Unchanged: \u001b[35mthemes/yelee/source/apple-touch-icon.png\u001b[39m","time":"2016-04-05T02:25:41.728Z","v":0}
{"name":"hexo","hostname":"zhangqianrongdeiMac.local","pid":6402,"level":20,"msg":"Unchanged: \u001b[35mthemes/yelee/source/background/bg-1.jpg\u001b[39m","time":"2016-04-05T02:25:41.728Z","v":0}
{"name":"hexo","hostname":"zhangqianrongdeiMac.local","pid":6402,"level":20,"msg":"Unchanged: \u001b[35mthemes/yelee/source/background/bg-2.jpg\u001b[39m","time":"2016-04-05T02:25:41.728Z","v":0}
{"name":"hexo","hostname":"zhangqianrongdeiMac.local","pid":6402,"level":20,"msg":"Unchanged: \u001b[35mthemes/yelee/source/background/bg-3.jpg\u001b[39m","time":"2016-04-05T02:25:41.729Z","v":0}
{"name":"hexo","hostname":"zhangqianrongdeiMac.local","pid":6402,"level":20,"msg":"Unchanged: \u001b[35mthemes/yelee/source/background/bg-5.jpg\u001b[39m","time":"2016-04-05T02:25:41.729Z","v":0}
{"name":"hexo","hostname":"zhangqianrongdeiMac.local","pid":6402,"level":20,"msg":"Unchanged: \u001b[35mthemes/yelee/source/background/bg-4.jpg\u001b[39m","time":"2016-04-05T02:25:41.729Z","v":0}
{"name":"hexo","hostname":"zhangqianrongdeiMac.local","pid":6402,"level":20,"msg":"Unchanged: \u001b[35mthemes/yelee/source/background/bg-6.jpg\u001b[39m","time":"2016-04-05T02:25:41.730Z","v":0}
{"name":"hexo","hostname":"zhangqianrongdeiMac.local","pid":6402,"level":20,"msg":"Unchanged: \u001b[35mthemes/yelee/source/background/bg-7.jpg\u001b[39m","time":"2016-04-05T02:25:41.730Z","v":0}
{"name":"hexo","hostname":"zhangqianrongdeiMac.local","pid":6402,"level":20,"msg":"Unchanged: \u001b[35mthemes/yelee/source/background/bg-8.jpg\u001b[39m","time":"2016-04-05T02:25:41.730Z","v":0}
{"name":"hexo","hostname":"zhangqianrongdeiMac.local","pid":6402,"level":20,"msg":"Unchanged: \u001b[35mthemes/yelee/source/css/_extend.styl\u001b[39m","time":"2016-04-05T02:25:41.730Z","v":0}
{"name":"hexo","hostname":"zhangqianrongdeiMac.local","pid":6402,"level":20,"msg":"Unchanged: \u001b[35mthemes/yelee/source/css/_partial/archive.styl\u001b[39m","time":"2016-04-05T02:25:41.730Z","v":0}
{"name":"hexo","hostname":"zhangqianrongdeiMac.local","pid":6402,"level":20,"msg":"Unchanged: \u001b[35mthemes/yelee/source/css/_partial/article.styl\u001b[39m","time":"2016-04-05T02:25:41.731Z","v":0}
{"name":"hexo","hostname":"zhangqianrongdeiMac.local","pid":6402,"level":20,"msg":"Unchanged: \u001b[35mthemes/yelee/source/css/_partial/customise/blockquote.styl\u001b[39m","time":"2016-04-05T02:25:41.731Z","v":0}
{"name":"hexo","hostname":"zhangqianrongdeiMac.local","pid":6402,"level":20,"msg":"Unchanged: \u001b[35mthemes/yelee/source/css/_partial/customise/code-block.styl\u001b[39m","time":"2016-04-05T02:25:41.731Z","v":0}
{"name":"hexo","hostname":"zhangqianrongdeiMac.local","pid":6402,"level":20,"msg":"Unchanged: \u001b[35mthemes/yelee/source/css/_partial/customise/color-scheme.styl\u001b[39m","time":"2016-04-05T02:25:41.731Z","v":0}
{"name":"hexo","hostname":"zhangqianrongdeiMac.local","pid":6402,"level":20,"msg":"Unchanged: \u001b[35mthemes/yelee/source/css/_partial/customise/inline-code.styl\u001b[39m","time":"2016-04-05T02:25:41.731Z","v":0}
{"name":"hexo","hostname":"zhangqianrongdeiMac.local","pid":6402,"level":20,"msg":"Unchanged: \u001b[35mthemes/yelee/source/css/_partial/customise/social-icon.styl\u001b[39m","time":"2016-04-05T02:25:41.731Z","v":0}
{"name":"hexo","hostname":"zhangqianrongdeiMac.local","pid":6402,"level":20,"msg":"Unchanged: \u001b[35mthemes/yelee/source/css/_partial/footer.styl\u001b[39m","time":"2016-04-05T02:25:41.731Z","v":0}
{"name":"hexo","hostname":"zhangqianrongdeiMac.local","pid":6402,"level":20,"msg":"Unchanged: \u001b[35mthemes/yelee/source/css/_partial/header.styl\u001b[39m","time":"2016-04-05T02:25:41.731Z","v":0}
{"name":"hexo","hostname":"zhangqianrongdeiMac.local","pid":6402,"level":20,"msg":"Unchanged: \u001b[35mthemes/yelee/source/css/_partial/highlight.styl\u001b[39m","time":"2016-04-05T02:25:41.732Z","v":0}
{"name":"hexo","hostname":"zhangqianrongdeiMac.local","pid":6402,"level":20,"msg":"Unchanged: \u001b[35mthemes/yelee/source/css/_partial/instagram.styl\u001b[39m","time":"2016-04-05T02:25:41.732Z","v":0}
{"name":"hexo","hostname":"zhangqianrongdeiMac.local","pid":6402,"level":20,"msg":"Unchanged: \u001b[35mthemes/yelee/source/css/_partial/main.styl\u001b[39m","time":"2016-04-05T02:25:41.732Z","v":0}
{"name":"hexo","hostname":"zhangqianrongdeiMac.local","pid":6402,"level":20,"msg":"Unchanged: \u001b[35mthemes/yelee/source/css/_partial/mobile-slider.styl\u001b[39m","time":"2016-04-05T02:25:41.732Z","v":0}
{"name":"hexo","hostname":"zhangqianrongdeiMac.local","pid":6402,"level":20,"msg":"Unchanged: \u001b[35mthemes/yelee/source/css/_partial/mobile.styl\u001b[39m","time":"2016-04-05T02:25:41.732Z","v":0}
{"name":"hexo","hostname":"zhangqianrongdeiMac.local","pid":6402,"level":20,"msg":"Unchanged: \u001b[35mthemes/yelee/source/css/_partial/page.styl\u001b[39m","time":"2016-04-05T02:25:41.732Z","v":0}
{"name":"hexo","hostname":"zhangqianrongdeiMac.local","pid":6402,"level":20,"msg":"Unchanged: \u001b[35mthemes/yelee/source/css/_partial/post/youyan.styl\u001b[39m","time":"2016-04-05T02:25:41.732Z","v":0}
{"name":"hexo","hostname":"zhangqianrongdeiMac.local","pid":6402,"level":20,"msg":"Unchanged: \u001b[35mthemes/yelee/source/css/_partial/scroll.styl\u001b[39m","time":"2016-04-05T02:25:41.732Z","v":0}
{"name":"hexo","hostname":"zhangqianrongdeiMac.local","pid":6402,"level":20,"msg":"Unchanged: \u001b[35mthemes/yelee/source/css/_partial/share.styl\u001b[39m","time":"2016-04-05T02:25:41.732Z","v":0}
{"name":"hexo","hostname":"zhangqianrongdeiMac.local","pid":6402,"level":20,"msg":"Unchanged: \u001b[35mthemes/yelee/source/css/_partial/tagcloud.styl\u001b[39m","time":"2016-04-05T02:25:41.733Z","v":0}
{"name":"hexo","hostname":"zhangqianrongdeiMac.local","pid":6402,"level":20,"msg":"Unchanged: \u001b[35mthemes/yelee/source/css/_partial/wheelmenu.styl\u001b[39m","time":"2016-04-05T02:25:41.733Z","v":0}
{"name":"hexo","hostname":"zhangqianrongdeiMac.local","pid":6402,"level":20,"msg":"Unchanged: \u001b[35mthemes/yelee/source/css/_util/grid.styl\u001b[39m","time":"2016-04-05T02:25:41.733Z","v":0}
{"name":"hexo","hostname":"zhangqianrongdeiMac.local","pid":6402,"level":20,"msg":"Unchanged: \u001b[35mthemes/yelee/source/css/_util/mixin.styl\u001b[39m","time":"2016-04-05T02:25:41.733Z","v":0}
{"name":"hexo","hostname":"zhangqianrongdeiMac.local","pid":6402,"level":20,"msg":"Unchanged: \u001b[35mthemes/yelee/source/css/_variables.styl\u001b[39m","time":"2016-04-05T02:25:41.733Z","v":0}
{"name":"hexo","hostname":"zhangqianrongdeiMac.local","pid":6402,"level":20,"msg":"Unchanged: \u001b[35mthemes/yelee/source/css/style.styl\u001b[39m","time":"2016-04-05T02:25:41.733Z","v":0}
{"name":"hexo","hostname":"zhangqianrongdeiMac.local","pid":6402,"level":20,"msg":"Unchanged: \u001b[35mthemes/yelee/source/fancybox/blank.gif\u001b[39m","time":"2016-04-05T02:25:41.733Z","v":0}
{"name":"hexo","hostname":"zhangqianrongdeiMac.local","pid":6402,"level":20,"msg":"Unchanged: \u001b[35mthemes/yelee/source/fancybox/fancybox_loading.gif\u001b[39m","time":"2016-04-05T02:25:41.733Z","v":0}
{"name":"hexo","hostname":"zhangqianrongdeiMac.local","pid":6402,"level":20,"msg":"Unchanged: \u001b[35mthemes/yelee/source/fancybox/fancybox_loading@2x.gif\u001b[39m","time":"2016-04-05T02:25:41.734Z","v":0}
{"name":"hexo","hostname":"zhangqianrongdeiMac.local","pid":6402,"level":20,"msg":"Unchanged: \u001b[35mthemes/yelee/source/fancybox/fancybox_overlay.png\u001b[39m","time":"2016-04-05T02:25:41.734Z","v":0}
{"name":"hexo","hostname":"zhangqianrongdeiMac.local","pid":6402,"level":20,"msg":"Unchanged: \u001b[35mthemes/yelee/source/fancybox/fancybox_sprite.png\u001b[39m","time":"2016-04-05T02:25:41.734Z","v":0}
{"name":"hexo","hostname":"zhangqianrongdeiMac.local","pid":6402,"level":20,"msg":"Unchanged: \u001b[35mthemes/yelee/source/fancybox/helpers/fancybox_buttons.png\u001b[39m","time":"2016-04-05T02:25:41.734Z","v":0}
{"name":"hexo","hostname":"zhangqianrongdeiMac.local","pid":6402,"level":20,"msg":"Unchanged: \u001b[35mthemes/yelee/source/fancybox/fancybox_sprite@2x.png\u001b[39m","time":"2016-04-05T02:25:41.735Z","v":0}
{"name":"hexo","hostname":"zhangqianrongdeiMac.local","pid":6402,"level":20,"msg":"Unchanged: \u001b[35mthemes/yelee/source/fancybox/helpers/jquery.fancybox-buttons.css\u001b[39m","time":"2016-04-05T02:25:41.735Z","v":0}
{"name":"hexo","hostname":"zhangqianrongdeiMac.local","pid":6402,"level":20,"msg":"Unchanged: \u001b[35mthemes/yelee/source/fancybox/helpers/jquery.fancybox-buttons.js\u001b[39m","time":"2016-04-05T02:25:41.735Z","v":0}
{"name":"hexo","hostname":"zhangqianrongdeiMac.local","pid":6402,"level":20,"msg":"Unchanged: \u001b[35mthemes/yelee/source/fancybox/helpers/jquery.fancybox-media.js\u001b[39m","time":"2016-04-05T02:25:41.736Z","v":0}
{"name":"hexo","hostname":"zhangqianrongdeiMac.local","pid":6402,"level":20,"msg":"Unchanged: \u001b[35mthemes/yelee/source/fancybox/helpers/jquery.fancybox-thumbs.css\u001b[39m","time":"2016-04-05T02:25:41.736Z","v":0}
{"name":"hexo","hostname":"zhangqianrongdeiMac.local","pid":6402,"level":20,"msg":"Unchanged: \u001b[35mthemes/yelee/source/fancybox/helpers/jquery.fancybox-thumbs.js\u001b[39m","time":"2016-04-05T02:25:41.736Z","v":0}
{"name":"hexo","hostname":"zhangqianrongdeiMac.local","pid":6402,"level":20,"msg":"Unchanged: \u001b[35mthemes/yelee/source/fancybox/jquery.fancybox.css\u001b[39m","time":"2016-04-05T02:25:41.736Z","v":0}
{"name":"hexo","hostname":"zhangqianrongdeiMac.local","pid":6402,"level":20,"msg":"Unchanged: \u001b[35mthemes/yelee/source/fancybox/jquery.fancybox.pack.js\u001b[39m","time":"2016-04-05T02:25:41.736Z","v":0}
{"name":"hexo","hostname":"zhangqianrongdeiMac.local","pid":6402,"level":20,"msg":"Unchanged: \u001b[35mthemes/yelee/source/fancybox/jquery.fancybox.js\u001b[39m","time":"2016-04-05T02:25:41.736Z","v":0}
{"name":"hexo","hostname":"zhangqianrongdeiMac.local","pid":6402,"level":20,"msg":"Unchanged: \u001b[35mthemes/yelee/source/font-awesome/css/font-awesome.min.css\u001b[39m","time":"2016-04-05T02:25:41.736Z","v":0}
{"name":"hexo","hostname":"zhangqianrongdeiMac.local","pid":6402,"level":20,"msg":"Unchanged: \u001b[35mthemes/yelee/source/font-awesome/css/font-awesome.css\u001b[39m","time":"2016-04-05T02:25:41.736Z","v":0}
{"name":"hexo","hostname":"zhangqianrongdeiMac.local","pid":6402,"level":20,"msg":"Unchanged: \u001b[35mthemes/yelee/source/img/GitHub.png\u001b[39m","time":"2016-04-05T02:25:41.737Z","v":0}
{"name":"hexo","hostname":"zhangqianrongdeiMac.local","pid":6402,"level":20,"msg":"Unchanged: \u001b[35mthemes/yelee/source/img/SegmentFault.png\u001b[39m","time":"2016-04-05T02:25:41.737Z","v":0}
{"name":"hexo","hostname":"zhangqianrongdeiMac.local","pid":6402,"level":20,"msg":"Unchanged: \u001b[35mthemes/yelee/source/img/TiddlyWiki.png\u001b[39m","time":"2016-04-05T02:25:41.737Z","v":0}
{"name":"hexo","hostname":"zhangqianrongdeiMac.local","pid":6402,"level":20,"msg":"Unchanged: \u001b[35mthemes/yelee/source/img/V2EX.png\u001b[39m","time":"2016-04-05T02:25:41.737Z","v":0}
{"name":"hexo","hostname":"zhangqianrongdeiMac.local","pid":6402,"level":20,"msg":"Unchanged: \u001b[35mthemes/yelee/source/img/avatar.jpg\u001b[39m","time":"2016-04-05T02:25:41.737Z","v":0}
{"name":"hexo","hostname":"zhangqianrongdeiMac.local","pid":6402,"level":20,"msg":"Unchanged: \u001b[35mthemes/yelee/source/img/avatar.png\u001b[39m","time":"2016-04-05T02:25:41.737Z","v":0}
{"name":"hexo","hostname":"zhangqianrongdeiMac.local","pid":6402,"level":20,"msg":"Unchanged: \u001b[35mthemes/yelee/source/img/img-err.png\u001b[39m","time":"2016-04-05T02:25:41.737Z","v":0}
{"name":"hexo","hostname":"zhangqianrongdeiMac.local","pid":6402,"level":20,"msg":"Unchanged: \u001b[35mthemes/yelee/source/img/img-loading.png\u001b[39m","time":"2016-04-05T02:25:41.738Z","v":0}
{"name":"hexo","hostname":"zhangqianrongdeiMac.local","pid":6402,"level":20,"msg":"Unchanged: \u001b[35mthemes/yelee/source/img/scrollbar_arrow.png\u001b[39m","time":"2016-04-05T02:25:41.738Z","v":0}
{"name":"hexo","hostname":"zhangqianrongdeiMac.local","pid":6402,"level":20,"msg":"Unchanged: \u001b[35mthemes/yelee/source/img/新浪微博.png\u001b[39m","time":"2016-04-05T02:25:41.738Z","v":0}
{"name":"hexo","hostname":"zhangqianrongdeiMac.local","pid":6402,"level":20,"msg":"Unchanged: \u001b[35mthemes/yelee/source/img/知乎.png\u001b[39m","time":"2016-04-05T02:25:41.738Z","v":0}
{"name":"hexo","hostname":"zhangqianrongdeiMac.local","pid":6402,"level":20,"msg":"Unchanged: \u001b[35mthemes/yelee/source/img/简书.png\u001b[39m","time":"2016-04-05T02:25:41.738Z","v":0}
{"name":"hexo","hostname":"zhangqianrongdeiMac.local","pid":6402,"level":20,"msg":"Unchanged: \u001b[35mthemes/yelee/source/img/网易云音乐.png\u001b[39m","time":"2016-04-05T02:25:41.738Z","v":0}
{"name":"hexo","hostname":"zhangqianrongdeiMac.local","pid":6402,"level":20,"msg":"Unchanged: \u001b[35mthemes/yelee/source/img/虾米音乐.png\u001b[39m","time":"2016-04-05T02:25:41.738Z","v":0}
{"name":"hexo","hostname":"zhangqianrongdeiMac.local","pid":6402,"level":20,"msg":"Unchanged: \u001b[35mthemes/yelee/source/img/豆瓣.png\u001b[39m","time":"2016-04-05T02:25:41.738Z","v":0}
{"name":"hexo","hostname":"zhangqianrongdeiMac.local","pid":6402,"level":20,"msg":"Unchanged: \u001b[35mthemes/yelee/source/js/GithubRepoWidget.js\u001b[39m","time":"2016-04-05T02:25:41.738Z","v":0}
{"name":"hexo","hostname":"zhangqianrongdeiMac.local","pid":6402,"level":20,"msg":"Unchanged: \u001b[35mthemes/yelee/source/js/clipboard.min.js\u001b[39m","time":"2016-04-05T02:25:41.739Z","v":0}
{"name":"hexo","hostname":"zhangqianrongdeiMac.local","pid":6402,"level":20,"msg":"Unchanged: \u001b[35mthemes/yelee/source/js/instagram.js\u001b[39m","time":"2016-04-05T02:25:41.739Z","v":0}
{"name":"hexo","hostname":"zhangqianrongdeiMac.local","pid":6402,"level":20,"msg":"Unchanged: \u001b[35mthemes/yelee/source/js/instagram副本.js\u001b[39m","time":"2016-04-05T02:25:41.739Z","v":0}
{"name":"hexo","hostname":"zhangqianrongdeiMac.local","pid":6402,"level":20,"msg":"Unchanged: \u001b[35mthemes/yelee/source/js/jquery.lazyload.js\u001b[39m","time":"2016-04-05T02:25:41.739Z","v":0}
{"name":"hexo","hostname":"zhangqianrongdeiMac.local","pid":6402,"level":20,"msg":"Unchanged: \u001b[35mthemes/yelee/source/js/main.js\u001b[39m","time":"2016-04-05T02:25:41.739Z","v":0}
{"name":"hexo","hostname":"zhangqianrongdeiMac.local","pid":6402,"level":20,"msg":"Unchanged: \u001b[35mthemes/yelee/source/js/mobile.js\u001b[39m","time":"2016-04-05T02:25:41.739Z","v":0}
{"name":"hexo","hostname":"zhangqianrongdeiMac.local","pid":6402,"level":20,"msg":"Unchanged: \u001b[35mthemes/yelee/source/js/pc.js\u001b[39m","time":"2016-04-05T02:25:41.739Z","v":0}
{"name":"hexo","hostname":"zhangqianrongdeiMac.local","pid":6402,"level":20,"msg":"Unchanged: \u001b[35mthemes/yelee/source/js/photo.js\u001b[39m","time":"2016-04-05T02:25:41.739Z","v":0}
{"name":"hexo","hostname":"zhangqianrongdeiMac.local","pid":6402,"level":20,"msg":"Unchanged: \u001b[35mthemes/yelee/source/background/bg-10.jpg\u001b[39m","time":"2016-04-05T02:25:41.741Z","v":0}
{"name":"hexo","hostname":"zhangqianrongdeiMac.local","pid":6402,"level":20,"msg":"Unchanged: \u001b[35mthemes/yelee/source/background/bg-9.jpg\u001b[39m","time":"2016-04-05T02:25:41.741Z","v":0}
{"name":"hexo","hostname":"zhangqianrongdeiMac.local","pid":6402,"level":20,"msg":"Unchanged: \u001b[35mthemes/yelee/source/font-awesome/fonts/FontAwesome.otf\u001b[39m","time":"2016-04-05T02:25:41.742Z","v":0}
{"name":"hexo","hostname":"zhangqianrongdeiMac.local","pid":6402,"level":20,"msg":"Unchanged: \u001b[35mthemes/yelee/source/font-awesome/fonts/fontawesome-webfont.eot\u001b[39m","time":"2016-04-05T02:25:41.742Z","v":0}
{"name":"hexo","hostname":"zhangqianrongdeiMac.local","pid":6402,"level":20,"msg":"Unchanged: \u001b[35mthemes/yelee/source/font-awesome/fonts/fontawesome-webfont.woff\u001b[39m","time":"2016-04-05T02:25:41.742Z","v":0}
{"name":"hexo","hostname":"zhangqianrongdeiMac.local","pid":6402,"level":20,"msg":"Unchanged: \u001b[35mthemes/yelee/source/font-awesome/fonts/fontawesome-webfont.woff2\u001b[39m","time":"2016-04-05T02:25:41.742Z","v":0}
{"name":"hexo","hostname":"zhangqianrongdeiMac.local","pid":6402,"level":20,"msg":"Unchanged: \u001b[35mthemes/yelee/source/js/embed.js\u001b[39m","time":"2016-04-05T02:25:41.743Z","v":0}
{"name":"hexo","hostname":"zhangqianrongdeiMac.local","pid":6402,"level":20,"msg":"Unchanged: \u001b[35mthemes/yelee/source/font-awesome/fonts/fontawesome-webfont.ttf\u001b[39m","time":"2016-04-05T02:25:41.743Z","v":0}
{"name":"hexo","hostname":"zhangqianrongdeiMac.local","pid":6402,"level":20,"msg":"Unchanged: \u001b[35mthemes/yelee/source/font-awesome/fonts/fontawesome-webfont.svg\u001b[39m","time":"2016-04-05T02:25:41.746Z","v":0}
{"name":"hexo","hostname":"zhangqianrongdeiMac.local","pid":6402,"level":20,"msg":"Processed: \u001b[35msource/font-awesome/fonts/fontawesome-webfont.svg\u001b[39m","time":"2016-04-05T02:25:41.748Z","v":0}
{"name":"hexo","hostname":"zhangqianrongdeiMac.local","pid":6402,"level":20,"msg":"Processed: \u001b[35msource/font-awesome/fonts/fontawesome-webfont.ttf\u001b[39m","time":"2016-04-05T02:25:41.748Z","v":0}
{"name":"hexo","hostname":"zhangqianrongdeiMac.local","pid":6402,"level":20,"msg":"Processed: \u001b[35msource/js/embed.js\u001b[39m","time":"2016-04-05T02:25:41.748Z","v":0}
{"name":"hexo","hostname":"zhangqianrongdeiMac.local","pid":6402,"level":20,"msg":"Processed: \u001b[35msource/font-awesome/fonts/fontawesome-webfont.woff2\u001b[39m","time":"2016-04-05T02:25:41.748Z","v":0}
{"name":"hexo","hostname":"zhangqianrongdeiMac.local","pid":6402,"level":20,"msg":"Processed: \u001b[35msource/font-awesome/fonts/fontawesome-webfont.woff\u001b[39m","time":"2016-04-05T02:25:41.749Z","v":0}
{"name":"hexo","hostname":"zhangqianrongdeiMac.local","pid":6402,"level":20,"msg":"Processed: \u001b[35msource/font-awesome/fonts/fontawesome-webfont.eot\u001b[39m","time":"2016-04-05T02:25:41.749Z","v":0}
{"name":"hexo","hostname":"zhangqianrongdeiMac.local","pid":6402,"level":20,"msg":"Processed: \u001b[35msource/font-awesome/fonts/FontAwesome.otf\u001b[39m","time":"2016-04-05T02:25:41.749Z","v":0}
{"name":"hexo","hostname":"zhangqianrongdeiMac.local","pid":6402,"level":20,"msg":"Processed: \u001b[35msource/background/bg-9.jpg\u001b[39m","time":"2016-04-05T02:25:41.750Z","v":0}
{"name":"hexo","hostname":"zhangqianrongdeiMac.local","pid":6402,"level":20,"msg":"Processed: \u001b[35msource/background/bg-10.jpg\u001b[39m","time":"2016-04-05T02:25:41.750Z","v":0}
{"name":"hexo","hostname":"zhangqianrongdeiMac.local","pid":6402,"level":20,"msg":"Processed: \u001b[35msource/js/photo.js\u001b[39m","time":"2016-04-05T02:25:41.751Z","v":0}
{"name":"hexo","hostname":"zhangqianrongdeiMac.local","pid":6402,"level":20,"msg":"Processed: \u001b[35msource/js/pc.js\u001b[39m","time":"2016-04-05T02:25:41.752Z","v":0}
{"name":"hexo","hostname":"zhangqianrongdeiMac.local","pid":6402,"level":20,"msg":"Processed: \u001b[35msource/js/mobile.js\u001b[39m","time":"2016-04-05T02:25:41.752Z","v":0}
{"name":"hexo","hostname":"zhangqianrongdeiMac.local","pid":6402,"level":20,"msg":"Processed: \u001b[35msource/js/main.js\u001b[39m","time":"2016-04-05T02:25:41.752Z","v":0}
{"name":"hexo","hostname":"zhangqianrongdeiMac.local","pid":6402,"level":20,"msg":"Processed: \u001b[35msource/js/jquery.lazyload.js\u001b[39m","time":"2016-04-05T02:25:41.752Z","v":0}
{"name":"hexo","hostname":"zhangqianrongdeiMac.local","pid":6402,"level":20,"msg":"Processed: \u001b[35msource/js/instagram副本.js\u001b[39m","time":"2016-04-05T02:25:41.753Z","v":0}
{"name":"hexo","hostname":"zhangqianrongdeiMac.local","pid":6402,"level":20,"msg":"Processed: \u001b[35msource/js/instagram.js\u001b[39m","time":"2016-04-05T02:25:41.754Z","v":0}
{"name":"hexo","hostname":"zhangqianrongdeiMac.local","pid":6402,"level":20,"msg":"Processed: \u001b[35msource/js/clipboard.min.js\u001b[39m","time":"2016-04-05T02:25:41.754Z","v":0}
{"name":"hexo","hostname":"zhangqianrongdeiMac.local","pid":6402,"level":20,"msg":"Processed: \u001b[35msource/js/GithubRepoWidget.js\u001b[39m","time":"2016-04-05T02:25:41.754Z","v":0}
{"name":"hexo","hostname":"zhangqianrongdeiMac.local","pid":6402,"level":20,"msg":"Processed: \u001b[35msource/img/豆瓣.png\u001b[39m","time":"2016-04-05T02:25:41.755Z","v":0}
{"name":"hexo","hostname":"zhangqianrongdeiMac.local","pid":6402,"level":20,"msg":"Processed: \u001b[35msource/img/虾米音乐.png\u001b[39m","time":"2016-04-05T02:25:41.756Z","v":0}
{"name":"hexo","hostname":"zhangqianrongdeiMac.local","pid":6402,"level":20,"msg":"Processed: \u001b[35msource/img/网易云音乐.png\u001b[39m","time":"2016-04-05T02:25:41.756Z","v":0}
{"name":"hexo","hostname":"zhangqianrongdeiMac.local","pid":6402,"level":20,"msg":"Processed: \u001b[35msource/img/简书.png\u001b[39m","time":"2016-04-05T02:25:41.757Z","v":0}
{"name":"hexo","hostname":"zhangqianrongdeiMac.local","pid":6402,"level":20,"msg":"Processed: \u001b[35msource/img/知乎.png\u001b[39m","time":"2016-04-05T02:25:41.757Z","v":0}
{"name":"hexo","hostname":"zhangqianrongdeiMac.local","pid":6402,"level":20,"msg":"Processed: \u001b[35msource/img/新浪微博.png\u001b[39m","time":"2016-04-05T02:25:41.757Z","v":0}
{"name":"hexo","hostname":"zhangqianrongdeiMac.local","pid":6402,"level":20,"msg":"Processed: \u001b[35msource/img/scrollbar_arrow.png\u001b[39m","time":"2016-04-05T02:25:41.758Z","v":0}
{"name":"hexo","hostname":"zhangqianrongdeiMac.local","pid":6402,"level":20,"msg":"Processed: \u001b[35msource/img/img-loading.png\u001b[39m","time":"2016-04-05T02:25:41.758Z","v":0}
{"name":"hexo","hostname":"zhangqianrongdeiMac.local","pid":6402,"level":20,"msg":"Processed: \u001b[35msource/img/img-err.png\u001b[39m","time":"2016-04-05T02:25:41.759Z","v":0}
{"name":"hexo","hostname":"zhangqianrongdeiMac.local","pid":6402,"level":20,"msg":"Processed: \u001b[35msource/img/avatar.png\u001b[39m","time":"2016-04-05T02:25:41.759Z","v":0}
{"name":"hexo","hostname":"zhangqianrongdeiMac.local","pid":6402,"level":20,"msg":"Processed: \u001b[35msource/img/avatar.jpg\u001b[39m","time":"2016-04-05T02:25:41.759Z","v":0}
{"name":"hexo","hostname":"zhangqianrongdeiMac.local","pid":6402,"level":20,"msg":"Processed: \u001b[35msource/img/V2EX.png\u001b[39m","time":"2016-04-05T02:25:41.759Z","v":0}
{"name":"hexo","hostname":"zhangqianrongdeiMac.local","pid":6402,"level":20,"msg":"Processed: \u001b[35msource/img/TiddlyWiki.png\u001b[39m","time":"2016-04-05T02:25:41.761Z","v":0}
{"name":"hexo","hostname":"zhangqianrongdeiMac.local","pid":6402,"level":20,"msg":"Processed: \u001b[35msource/img/SegmentFault.png\u001b[39m","time":"2016-04-05T02:25:41.761Z","v":0}
{"name":"hexo","hostname":"zhangqianrongdeiMac.local","pid":6402,"level":20,"msg":"Processed: \u001b[35msource/img/GitHub.png\u001b[39m","time":"2016-04-05T02:25:41.765Z","v":0}
{"name":"hexo","hostname":"zhangqianrongdeiMac.local","pid":6402,"level":20,"msg":"Processed: \u001b[35msource/font-awesome/css/font-awesome.css\u001b[39m","time":"2016-04-05T02:25:41.765Z","v":0}
{"name":"hexo","hostname":"zhangqianrongdeiMac.local","pid":6402,"level":20,"msg":"Processed: \u001b[35msource/font-awesome/css/font-awesome.min.css\u001b[39m","time":"2016-04-05T02:25:41.765Z","v":0}
{"name":"hexo","hostname":"zhangqianrongdeiMac.local","pid":6402,"level":20,"msg":"Processed: \u001b[35msource/fancybox/jquery.fancybox.pack.js\u001b[39m","time":"2016-04-05T02:25:41.766Z","v":0}
{"name":"hexo","hostname":"zhangqianrongdeiMac.local","pid":6402,"level":20,"msg":"Processed: \u001b[35msource/fancybox/jquery.fancybox.js\u001b[39m","time":"2016-04-05T02:25:41.766Z","v":0}
{"name":"hexo","hostname":"zhangqianrongdeiMac.local","pid":6402,"level":20,"msg":"Processed: \u001b[35msource/fancybox/jquery.fancybox.css\u001b[39m","time":"2016-04-05T02:25:41.766Z","v":0}
{"name":"hexo","hostname":"zhangqianrongdeiMac.local","pid":6402,"level":20,"msg":"Processed: \u001b[35msource/fancybox/helpers/jquery.fancybox-thumbs.js\u001b[39m","time":"2016-04-05T02:25:41.767Z","v":0}
{"name":"hexo","hostname":"zhangqianrongdeiMac.local","pid":6402,"level":20,"msg":"Processed: \u001b[35msource/fancybox/helpers/jquery.fancybox-thumbs.css\u001b[39m","time":"2016-04-05T02:25:41.767Z","v":0}
{"name":"hexo","hostname":"zhangqianrongdeiMac.local","pid":6402,"level":20,"msg":"Processed: \u001b[35msource/fancybox/helpers/jquery.fancybox-media.js\u001b[39m","time":"2016-04-05T02:25:41.768Z","v":0}
{"name":"hexo","hostname":"zhangqianrongdeiMac.local","pid":6402,"level":20,"msg":"Processed: \u001b[35msource/fancybox/helpers/jquery.fancybox-buttons.js\u001b[39m","time":"2016-04-05T02:25:41.768Z","v":0}
{"name":"hexo","hostname":"zhangqianrongdeiMac.local","pid":6402,"level":20,"msg":"Processed: \u001b[35msource/fancybox/helpers/jquery.fancybox-buttons.css\u001b[39m","time":"2016-04-05T02:25:41.768Z","v":0}
{"name":"hexo","hostname":"zhangqianrongdeiMac.local","pid":6402,"level":20,"msg":"Processed: \u001b[35msource/fancybox/fancybox_sprite@2x.png\u001b[39m","time":"2016-04-05T02:25:41.768Z","v":0}
{"name":"hexo","hostname":"zhangqianrongdeiMac.local","pid":6402,"level":20,"msg":"Processed: \u001b[35msource/fancybox/helpers/fancybox_buttons.png\u001b[39m","time":"2016-04-05T02:25:41.769Z","v":0}
{"name":"hexo","hostname":"zhangqianrongdeiMac.local","pid":6402,"level":20,"msg":"Processed: \u001b[35msource/fancybox/fancybox_sprite.png\u001b[39m","time":"2016-04-05T02:25:41.769Z","v":0}
{"name":"hexo","hostname":"zhangqianrongdeiMac.local","pid":6402,"level":20,"msg":"Processed: \u001b[35msource/fancybox/fancybox_overlay.png\u001b[39m","time":"2016-04-05T02:25:41.769Z","v":0}
{"name":"hexo","hostname":"zhangqianrongdeiMac.local","pid":6402,"level":20,"msg":"Processed: \u001b[35msource/fancybox/fancybox_loading@2x.gif\u001b[39m","time":"2016-04-05T02:25:41.770Z","v":0}
{"name":"hexo","hostname":"zhangqianrongdeiMac.local","pid":6402,"level":20,"msg":"Processed: \u001b[35msource/fancybox/fancybox_loading.gif\u001b[39m","time":"2016-04-05T02:25:41.770Z","v":0}
{"name":"hexo","hostname":"zhangqianrongdeiMac.local","pid":6402,"level":20,"msg":"Processed: \u001b[35msource/fancybox/blank.gif\u001b[39m","time":"2016-04-05T02:25:41.771Z","v":0}
{"name":"hexo","hostname":"zhangqianrongdeiMac.local","pid":6402,"level":20,"msg":"Processed: \u001b[35msource/css/style.styl\u001b[39m","time":"2016-04-05T02:25:41.771Z","v":0}
{"name":"hexo","hostname":"zhangqianrongdeiMac.local","pid":6402,"level":20,"msg":"Processed: \u001b[35msource/background/bg-8.jpg\u001b[39m","time":"2016-04-05T02:25:41.773Z","v":0}
{"name":"hexo","hostname":"zhangqianrongdeiMac.local","pid":6402,"level":20,"msg":"Processed: \u001b[35msource/background/bg-7.jpg\u001b[39m","time":"2016-04-05T02:25:41.774Z","v":0}
{"name":"hexo","hostname":"zhangqianrongdeiMac.local","pid":6402,"level":20,"msg":"Processed: \u001b[35msource/background/bg-6.jpg\u001b[39m","time":"2016-04-05T02:25:41.775Z","v":0}
{"name":"hexo","hostname":"zhangqianrongdeiMac.local","pid":6402,"level":20,"msg":"Processed: \u001b[35msource/background/bg-4.jpg\u001b[39m","time":"2016-04-05T02:25:41.776Z","v":0}
{"name":"hexo","hostname":"zhangqianrongdeiMac.local","pid":6402,"level":20,"msg":"Processed: \u001b[35msource/background/bg-5.jpg\u001b[39m","time":"2016-04-05T02:25:41.776Z","v":0}
{"name":"hexo","hostname":"zhangqianrongdeiMac.local","pid":6402,"level":20,"msg":"Processed: \u001b[35msource/background/bg-3.jpg\u001b[39m","time":"2016-04-05T02:25:41.776Z","v":0}
{"name":"hexo","hostname":"zhangqianrongdeiMac.local","pid":6402,"level":20,"msg":"Processed: \u001b[35msource/background/bg-2.jpg\u001b[39m","time":"2016-04-05T02:25:41.776Z","v":0}
{"name":"hexo","hostname":"zhangqianrongdeiMac.local","pid":6402,"level":20,"msg":"Processed: \u001b[35msource/background/bg-1.jpg\u001b[39m","time":"2016-04-05T02:25:41.777Z","v":0}
{"name":"hexo","hostname":"zhangqianrongdeiMac.local","pid":6402,"level":20,"msg":"Processed: \u001b[35msource/apple-touch-icon.png\u001b[39m","time":"2016-04-05T02:25:41.777Z","v":0}
{"name":"hexo","hostname":"zhangqianrongdeiMac.local","pid":6402,"level":20,"msg":"Processed: \u001b[35mlayout/tag.ejs\u001b[39m","time":"2016-04-05T02:25:41.781Z","v":0}
{"name":"hexo","hostname":"zhangqianrongdeiMac.local","pid":6402,"level":20,"msg":"Processed: \u001b[35mlayout/post.ejs\u001b[39m","time":"2016-04-05T02:25:41.782Z","v":0}
{"name":"hexo","hostname":"zhangqianrongdeiMac.local","pid":6402,"level":20,"msg":"Processed: \u001b[35mlayout/page.ejs\u001b[39m","time":"2016-04-05T02:25:41.785Z","v":0}
{"name":"hexo","hostname":"zhangqianrongdeiMac.local","pid":6402,"level":20,"msg":"Processed: \u001b[35mlayout/layout.ejs\u001b[39m","time":"2016-04-05T02:25:41.786Z","v":0}
{"name":"hexo","hostname":"zhangqianrongdeiMac.local","pid":6402,"level":20,"msg":"Processed: \u001b[35mlayout/index.ejs\u001b[39m","time":"2016-04-05T02:25:41.786Z","v":0}
{"name":"hexo","hostname":"zhangqianrongdeiMac.local","pid":6402,"level":20,"msg":"Processed: \u001b[35mlayout/category.ejs\u001b[39m","time":"2016-04-05T02:25:41.786Z","v":0}
{"name":"hexo","hostname":"zhangqianrongdeiMac.local","pid":6402,"level":20,"msg":"Processed: \u001b[35mlayout/archive.ejs\u001b[39m","time":"2016-04-05T02:25:41.787Z","v":0}
{"name":"hexo","hostname":"zhangqianrongdeiMac.local","pid":6402,"level":20,"msg":"Processed: \u001b[35mlayout/_partial/toc.ejs\u001b[39m","time":"2016-04-05T02:25:41.787Z","v":0}
{"name":"hexo","hostname":"zhangqianrongdeiMac.local","pid":6402,"level":20,"msg":"Processed: \u001b[35mlayout/_partial/scrolling-button.ejs\u001b[39m","time":"2016-04-05T02:25:41.787Z","v":0}
{"name":"hexo","hostname":"zhangqianrongdeiMac.local","pid":6402,"level":20,"msg":"Processed: \u001b[35mlayout/_partial/post-nav-button.ejs\u001b[39m","time":"2016-04-05T02:25:41.788Z","v":0}
{"name":"hexo","hostname":"zhangqianrongdeiMac.local","pid":6402,"level":20,"msg":"Processed: \u001b[35mlayout/_partial/post/title.ejs\u001b[39m","time":"2016-04-05T02:25:41.788Z","v":0}
{"name":"hexo","hostname":"zhangqianrongdeiMac.local","pid":6402,"level":20,"msg":"Processed: \u001b[35mlayout/_partial/post/tag.ejs\u001b[39m","time":"2016-04-05T02:25:41.788Z","v":0}
{"name":"hexo","hostname":"zhangqianrongdeiMac.local","pid":6402,"level":20,"msg":"Processed: \u001b[35mlayout/_partial/post/share.ejs\u001b[39m","time":"2016-04-05T02:25:41.789Z","v":0}
{"name":"hexo","hostname":"zhangqianrongdeiMac.local","pid":6402,"level":20,"msg":"Processed: \u001b[35mlayout/_partial/post/nav.ejs\u001b[39m","time":"2016-04-05T02:25:41.789Z","v":0}
{"name":"hexo","hostname":"zhangqianrongdeiMac.local","pid":6402,"level":20,"msg":"Processed: \u001b[35mlayout/_partial/post/date.ejs\u001b[39m","time":"2016-04-05T02:25:41.789Z","v":0}
{"name":"hexo","hostname":"zhangqianrongdeiMac.local","pid":6402,"level":20,"msg":"Processed: \u001b[35mlayout/_partial/post/category.ejs\u001b[39m","time":"2016-04-05T02:25:41.790Z","v":0}
{"name":"hexo","hostname":"zhangqianrongdeiMac.local","pid":6402,"level":20,"msg":"Processed: \u001b[35mlayout/_partial/page.ejs\u001b[39m","time":"2016-04-05T02:25:41.790Z","v":0}
{"name":"hexo","hostname":"zhangqianrongdeiMac.local","pid":6402,"level":20,"msg":"Processed: \u001b[35mlayout/_partial/mobile-nav.ejs\u001b[39m","time":"2016-04-05T02:25:41.790Z","v":0}
{"name":"hexo","hostname":"zhangqianrongdeiMac.local","pid":6402,"level":20,"msg":"Processed: \u001b[35mlayout/_partial/mathjax.ejs\u001b[39m","time":"2016-04-05T02:25:41.791Z","v":0}
{"name":"hexo","hostname":"zhangqianrongdeiMac.local","pid":6402,"level":20,"msg":"Processed: \u001b[35mlayout/_partial/left-col.ejs\u001b[39m","time":"2016-04-05T02:25:41.791Z","v":0}
{"name":"hexo","hostname":"zhangqianrongdeiMac.local","pid":6402,"level":20,"msg":"Processed: \u001b[35mlayout/_partial/head.ejs\u001b[39m","time":"2016-04-05T02:25:41.791Z","v":0}
{"name":"hexo","hostname":"zhangqianrongdeiMac.local","pid":6402,"level":20,"msg":"Processed: \u001b[35mlayout/_partial/header.ejs\u001b[39m","time":"2016-04-05T02:25:41.791Z","v":0}
{"name":"hexo","hostname":"zhangqianrongdeiMac.local","pid":6402,"level":20,"msg":"Processed: \u001b[35mlayout/_partial/google-analytics.ejs\u001b[39m","time":"2016-04-05T02:25:41.792Z","v":0}
{"name":"hexo","hostname":"zhangqianrongdeiMac.local","pid":6402,"level":20,"msg":"Processed: \u001b[35mlayout/_partial/footer.ejs\u001b[39m","time":"2016-04-05T02:25:41.792Z","v":0}
{"name":"hexo","hostname":"zhangqianrongdeiMac.local","pid":6402,"level":20,"msg":"Processed: \u001b[35mlayout/_partial/comments/youyan.ejs\u001b[39m","time":"2016-04-05T02:25:41.793Z","v":0}
{"name":"hexo","hostname":"zhangqianrongdeiMac.local","pid":6402,"level":20,"msg":"Processed: \u001b[35mlayout/_partial/comments/duoshuo副本.ejs\u001b[39m","time":"2016-04-05T02:25:41.794Z","v":0}
{"name":"hexo","hostname":"zhangqianrongdeiMac.local","pid":6402,"level":20,"msg":"Processed: \u001b[35mlayout/_partial/comments/duoshuo.ejs\u001b[39m","time":"2016-04-05T02:25:41.795Z","v":0}
{"name":"hexo","hostname":"zhangqianrongdeiMac.local","pid":6402,"level":20,"msg":"Processed: \u001b[35mlayout/_partial/comments/disqus.ejs\u001b[39m","time":"2016-04-05T02:25:41.795Z","v":0}
{"name":"hexo","hostname":"zhangqianrongdeiMac.local","pid":6402,"level":20,"msg":"Processed: \u001b[35mlayout/_partial/background.ejs\u001b[39m","time":"2016-04-05T02:25:41.796Z","v":0}
{"name":"hexo","hostname":"zhangqianrongdeiMac.local","pid":6402,"level":20,"msg":"Processed: \u001b[35mlayout/_partial/article.ejs\u001b[39m","time":"2016-04-05T02:25:41.796Z","v":0}
{"name":"hexo","hostname":"zhangqianrongdeiMac.local","pid":6402,"level":20,"msg":"Processed: \u001b[35mlayout/_partial/archive.ejs\u001b[39m","time":"2016-04-05T02:25:41.797Z","v":0}
{"name":"hexo","hostname":"zhangqianrongdeiMac.local","pid":6402,"level":20,"msg":"Processed: \u001b[35mlayout/_partial/archive-post.ejs\u001b[39m","time":"2016-04-05T02:25:41.797Z","v":0}
{"name":"hexo","hostname":"zhangqianrongdeiMac.local","pid":6402,"level":20,"msg":"Processed: \u001b[35mlayout/_partial/after-footer.ejs\u001b[39m","time":"2016-04-05T02:25:41.798Z","v":0}
{"name":"hexo","hostname":"zhangqianrongdeiMac.local","pid":6402,"level":20,"msg":"Processed: \u001b[35mlanguages/zh-Hant-TW.yml\u001b[39m","time":"2016-04-05T02:25:41.801Z","v":0}
{"name":"hexo","hostname":"zhangqianrongdeiMac.local","pid":6402,"level":20,"msg":"Processed: \u001b[35mlanguages/zh-Hant-HK.yml\u001b[39m","time":"2016-04-05T02:25:41.803Z","v":0}
{"name":"hexo","hostname":"zhangqianrongdeiMac.local","pid":6402,"level":20,"msg":"Processed: \u001b[35mlanguages/zh-Hans.yml\u001b[39m","time":"2016-04-05T02:25:41.804Z","v":0}
{"name":"hexo","hostname":"zhangqianrongdeiMac.local","pid":6402,"level":20,"msg":"Processed: \u001b[35mlanguages/en.yml\u001b[39m","time":"2016-04-05T02:25:41.806Z","v":0}
{"name":"hexo","hostname":"zhangqianrongdeiMac.local","pid":6402,"level":20,"msg":"Processed: \u001b[35mlanguages/default.yml\u001b[39m","time":"2016-04-05T02:25:41.807Z","v":0}
{"name":"hexo","hostname":"zhangqianrongdeiMac.local","pid":6402,"level":20,"msg":"Theme config loaded.","time":"2016-04-05T02:25:41.809Z","v":0}
{"name":"hexo","hostname":"zhangqianrongdeiMac.local","pid":6402,"level":20,"msg":"Processed: \u001b[35m_config.yml\u001b[39m","time":"2016-04-05T02:25:41.809Z","v":0}
{"name":"hexo","hostname":"zhangqianrongdeiMac.local","pid":6402,"level":20,"msg":"Generator: \u001b[35mpage\u001b[39m","time":"2016-04-05T02:25:42.394Z","v":0}
{"name":"hexo","hostname":"zhangqianrongdeiMac.local","pid":6402,"level":20,"msg":"Generator: \u001b[35mpost\u001b[39m","time":"2016-04-05T02:25:42.394Z","v":0}
{"name":"hexo","hostname":"zhangqianrongdeiMac.local","pid":6402,"level":20,"msg":"Generator: \u001b[35marchive\u001b[39m","time":"2016-04-05T02:25:42.394Z","v":0}
{"name":"hexo","hostname":"zhangqianrongdeiMac.local","pid":6402,"level":20,"msg":"Generator: \u001b[35mbaidusitemap\u001b[39m","time":"2016-04-05T02:25:42.394Z","v":0}
{"name":"hexo","hostname":"zhangqianrongdeiMac.local","pid":6402,"level":20,"msg":"Generator: \u001b[35mcategory\u001b[39m","time":"2016-04-05T02:25:42.394Z","v":0}
{"name":"hexo","hostname":"zhangqianrongdeiMac.local","pid":6402,"level":20,"msg":"Generator: \u001b[35mfeed\u001b[39m","time":"2016-04-05T02:25:42.394Z","v":0}
{"name":"hexo","hostname":"zhangqianrongdeiMac.local","pid":6402,"level":20,"msg":"Generator: \u001b[35mindex\u001b[39m","time":"2016-04-05T02:25:42.394Z","v":0}
{"name":"hexo","hostname":"zhangqianrongdeiMac.local","pid":6402,"level":20,"msg":"Generator: \u001b[35msitemap\u001b[39m","time":"2016-04-05T02:25:42.394Z","v":0}
{"name":"hexo","hostname":"zhangqianrongdeiMac.local","pid":6402,"level":20,"msg":"Generator: \u001b[35mtag\u001b[39m","time":"2016-04-05T02:25:42.395Z","v":0}
{"name":"hexo","hostname":"zhangqianrongdeiMac.local","pid":6402,"level":20,"msg":"Generator: \u001b[35masset\u001b[39m","time":"2016-04-05T02:25:42.396Z","v":0}
{"name":"hexo","hostname":"zhangqianrongdeiMac.local","pid":6402,"level":30,"msg":"Hexo is running at \u001b[4mhttp://0.0.0.0:4000/\u001b[24m. Press Ctrl+C to stop.","time":"2016-04-05T02:25:42.418Z","v":0}
{"name":"hexo","hostname":"zhangqianrongdeiMac.local","pid":6402,"level":20,"msg":"Database saved","time":"2016-04-05T02:25:42.436Z","v":0}
{"name":"hexo","hostname":"zhangqianrongdeiMac.local","pid":6402,"level":20,"msg":"Rendering index: \u001b[35mindex.html\u001b[39m","time":"2016-04-05T02:25:44.634Z","v":0}
{"name":"hexo","hostname":"zhangqianrongdeiMac.local","pid":6402,"level":20,"msg":"Rendering page: \u001b[35mphoto/index.html\u001b[39m","time":"2016-04-05T02:25:48.053Z","v":0}
{"name":"hexo","hostname":"zhangqianrongdeiMac.local","pid":6402,"level":20,"msg":"Rendering page: \u001b[35mphoto/index.html\u001b[39m","time":"2016-04-05T02:25:58.706Z","v":0}
{"name":"hexo","hostname":"zhangqianrongdeiMac.local","pid":6402,"level":30,"msg":"See you again","time":"2016-04-05T02:26:37.662Z","v":0}
{"name":"hexo","hostname":"zhangqianrongdeiMac.local","pid":6402,"level":20,"msg":"Database saved","time":"2016-04-05T02:26:37.677Z","v":0}
